# JRE version: OpenJDK Runtime Environment (8.0_152-b01) (build 1.8.0_152-release-915-b01)
# Java VM: OpenJDK 64-Bit Server VM (25.152-b01 mixed mode windows-amd64 compressed oops)
Heap:
 PSYoungGen      total 117248K, used 36545K [0x00000000e0000000, 0x00000000e7f80000, 0x0000000100000000)
  eden space 107008K, 26% used [0x00000000e0000000,0x00000000e1b649a8,0x00000000e6880000)
  from space 10240K, 82% used [0x00000000e7580000,0x00000000e7dcbc88,0x00000000e7f80000)
  to   space 11776K, 0% used [0x00000000e6880000,0x00000000e6880000,0x00000000e7400000)
 ParOldGen       total 50176K, used 9451K [0x00000000a0000000, 0x00000000a3100000, 0x00000000e0000000)
  object space 50176K, 18% used [0x00000000a0000000,0x00000000a093aed0,0x00000000a3100000)
 Metaspace       used 31926K, capacity 32584K, committed 32896K, reserved 1077248K
  class space    used 4385K, capacity 4653K, committed 4736K, reserved 1048576K
GC Heap History (10 events):
Event: 13.410 GC heap before
{Heap before GC invocations=5 (full 0):
 PSYoungGen      total 36864K, used 6355K [0x00000000e0000000, 0x00000000e2900000, 0x0000000100000000)
  eden space 31744K, 3% used [0x00000000e0000000,0x00000000e013ccf0,0x00000000e1f00000)
  from space 5120K, 99% used [0x00000000e2400000,0x00000000e28f8010,0x00000000e2900000)
  to   space 5120K, 0% used [0x00000000e1f00000,0x00000000e1f00000,0x00000000e2400000)
 ParOldGen       total 84992K, used 7582K [0x00000000a0000000, 0x00000000a5300000, 0x00000000e0000000)
  object space 84992K, 8% used [0x00000000a0000000,0x00000000a07678a8,0x00000000a5300000)
 Metaspace       used 20724K, capacity 21112K, committed 21248K, reserved 1067008K
  class space    used 2876K, capacity 3035K, committed 3072K, reserved 1048576K
Event: 13.420 GC heap after
Heap after GC invocations=5 (full 0):
 PSYoungGen      total 36864K, used 5108K [0x00000000e0000000, 0x00000000e5300000, 0x0000000100000000)
  eden space 31744K, 0% used [0x00000000e0000000,0x00000000e0000000,0x00000000e1f00000)
  from space 5120K, 99% used [0x00000000e1f00000,0x00000000e23fd040,0x00000000e2400000)
  to   space 10752K, 0% used [0x00000000e4880000,0x00000000e4880000,0x00000000e5300000)
 ParOldGen       total 84992K, used 7698K [0x00000000a0000000, 0x00000000a5300000, 0x00000000e0000000)
  object space 84992K, 9% used [0x00000000a0000000,0x00000000a0784ba0,0x00000000a5300000)
 Metaspace       used 20724K, capacity 21112K, committed 21248K, reserved 1067008K
  class space    used 2876K, capacity 3035K, committed 3072K, reserved 1048576K
}
Event: 13.420 GC heap before
{Heap before GC invocations=6 (full 1):
 PSYoungGen      total 36864K, used 5108K [0x00000000e0000000, 0x00000000e5300000, 0x0000000100000000)
  eden space 31744K, 0% used [0x00000000e0000000,0x00000000e0000000,0x00000000e1f00000)
  from space 5120K, 99% used [0x00000000e1f00000,0x00000000e23fd040,0x00000000e2400000)
  to   space 10752K, 0% used [0x00000000e4880000,0x00000000e4880000,0x00000000e5300000)
 ParOldGen       total 84992K, used 7698K [0x00000000a0000000, 0x00000000a5300000, 0x00000000e0000000)
  object space 84992K, 9% used [0x00000000a0000000,0x00000000a0784ba0,0x00000000a5300000)
 Metaspace       used 20724K, capacity 21112K, committed 21248K, reserved 1067008K
  class space    used 2876K, capacity 3035K, committed 3072K, reserved 1048576K
Event: 13.484 GC heap after
Heap after GC invocations=6 (full 1):
 PSYoungGen      total 36864K, used 0K [0x00000000e0000000, 0x00000000e5300000, 0x0000000100000000)
  eden space 31744K, 0% used [0x00000000e0000000,0x00000000e0000000,0x00000000e1f00000)
  from space 5120K, 0% used [0x00000000e1f00000,0x00000000e1f00000,0x00000000e2400000)
  to   space 10752K, 0% used [0x00000000e4880000,0x00000000e4880000,0x00000000e5300000)
 ParOldGen       total 50176K, used 9427K [0x00000000a0000000, 0x00000000a3100000, 0x00000000e0000000)
  object space 50176K, 18% used [0x00000000a0000000,0x00000000a0934ed0,0x00000000a3100000)
 Metaspace       used 20724K, capacity 21112K, committed 21248K, reserved 1067008K
  class space    used 2876K, capacity 3035K, committed 3072K, reserved 1048576K
}
Event: 15.777 GC heap before
{Heap before GC invocations=7 (full 1):
 PSYoungGen      total 36864K, used 31744K [0x00000000e0000000, 0x00000000e5300000, 0x0000000100000000)
  eden space 31744K, 100% used [0x00000000e0000000,0x00000000e1f00000,0x00000000e1f00000)
  from space 5120K, 0% used [0x00000000e1f00000,0x00000000e1f00000,0x00000000e2400000)
  to   space 10752K, 0% used [0x00000000e4880000,0x00000000e4880000,0x00000000e5300000)
 ParOldGen       total 50176K, used 9427K [0x00000000a0000000, 0x00000000a3100000, 0x00000000e0000000)
  object space 50176K, 18% used [0x00000000a0000000,0x00000000a0934ed0,0x00000000a3100000)
 Metaspace       used 23289K, capacity 23706K, committed 23936K, reserved 1069056K
  class space    used 3177K, capacity 3340K, committed 3456K, reserved 1048576K
Event: 15.783 GC heap after
Heap after GC invocations=7 (full 1):
 PSYoungGen      total 66048K, used 3463K [0x00000000e0000000, 0x00000000e4f00000, 0x0000000100000000)
  eden space 59392K, 0% used [0x00000000e0000000,0x00000000e0000000,0x00000000e3a00000)
  from space 6656K, 52% used [0x00000000e4880000,0x00000000e4be1f80,0x00000000e4f00000)
  to   space 10752K, 0% used [0x00000000e3a00000,0x00000000e3a00000,0x00000000e4480000)
 ParOldGen       total 50176K, used 9435K [0x00000000a0000000, 0x00000000a3100000, 0x00000000e0000000)
  object space 50176K, 18% used [0x00000000a0000000,0x00000000a0936ed0,0x00000000a3100000)
 Metaspace       used 23289K, capacity 23706K, committed 23936K, reserved 1069056K
  class space    used 3177K, capacity 3340K, committed 3456K, reserved 1048576K
}
Event: 23.306 GC heap before
{Heap before GC invocations=8 (full 1):
 PSYoungGen      total 66048K, used 62855K [0x00000000e0000000, 0x00000000e4f00000, 0x0000000100000000)
  eden space 59392K, 100% used [0x00000000e0000000,0x00000000e3a00000,0x00000000e3a00000)
  from space 6656K, 52% used [0x00000000e4880000,0x00000000e4be1f80,0x00000000e4f00000)
  to   space 10752K, 0% used [0x00000000e3a00000,0x00000000e3a00000,0x00000000e4480000)
 ParOldGen       total 50176K, used 9435K [0x00000000a0000000, 0x00000000a3100000, 0x00000000e0000000)
  object space 50176K, 18% used [0x00000000a0000000,0x00000000a0936ed0,0x00000000a3100000)
 Metaspace       used 27918K, capacity 28566K, committed 28672K, reserved 1073152K
  class space    used 3858K, capacity 4081K, committed 4096K, reserved 1048576K
Event: 23.316 GC heap after
Heap after GC invocations=8 (full 1):
 PSYoungGen      total 70144K, used 8696K [0x00000000e0000000, 0x00000000e8080000, 0x0000000100000000)
  eden space 59392K, 0% used [0x00000000e0000000,0x00000000e0000000,0x00000000e3a00000)
  from space 10752K, 80% used [0x00000000e3a00000,0x00000000e427e0f8,0x00000000e4480000)
  to   space 11264K, 0% used [0x00000000e7580000,0x00000000e7580000,0x00000000e8080000)
 ParOldGen       total 50176K, used 9443K [0x00000000a0000000, 0x00000000a3100000, 0x00000000e0000000)
  object space 50176K, 18% used [0x00000000a0000000,0x00000000a0938ed0,0x00000000a3100000)
 Metaspace       used 27918K, capacity 28566K, committed 28672K, reserved 1073152K
  class space    used 3858K, capacity 4081K, committed 4096K, reserved 1048576K
}
Event: 32.491 GC heap before
{Heap before GC invocations=9 (full 1):
 PSYoungGen      total 70144K, used 68088K [0x00000000e0000000, 0x00000000e8080000, 0x0000000100000000)
  eden space 59392K, 100% used [0x00000000e0000000,0x00000000e3a00000,0x00000000e3a00000)
  from space 10752K, 80% used [0x00000000e3a00000,0x00000000e427e0f8,0x00000000e4480000)
  to   space 11264K, 0% used [0x00000000e7580000,0x00000000e7580000,0x00000000e8080000)
 ParOldGen       total 50176K, used 9443K [0x00000000a0000000, 0x00000000a3100000, 0x00000000e0000000)
  object space 50176K, 18% used [0x00000000a0000000,0x00000000a0938ed0,0x00000000a3100000)
 Metaspace       used 31328K, capacity 31978K, committed 32256K, reserved 1077248K
  class space    used 4316K, capacity 4580K, committed 4608K, reserved 1048576K
Event: 32.507 GC heap after
Heap after GC invocations=9 (full 1):
 PSYoungGen      total 117248K, used 8495K [0x00000000e0000000, 0x00000000e7f80000, 0x0000000100000000)
  eden space 107008K, 0% used [0x00000000e0000000,0x00000000e0000000,0x00000000e6880000)
  from space 10240K, 82% used [0x00000000e7580000,0x00000000e7dcbc88,0x00000000e7f80000)
  to   space 11776K, 0% used [0x00000000e6880000,0x00000000e6880000,0x00000000e7400000)
 ParOldGen       total 50176K, used 9451K [0x00000000a0000000, 0x00000000a3100000, 0x00000000e0000000)
  object space 50176K, 18% used [0x00000000a0000000,0x00000000a093aed0,0x00000000a3100000)
 Metaspace       used 31328K, capacity 31978K, committed 32256K, reserved 1077248K
  class space    used 4316K, capacity 4580K, committed 4608K, reserved 1048576K
}

